<?xml version="1.0" encoding="UTF-8"?>
<!-- Generated by org.testng.reporters.JUnitReportReporter -->
<testsuite hostname="SIPL92" failures="0" tests="1" name="shipmentFedExWebSite.ShipmentCreation" time="3698.238" errors="0" timestamp="2022-07-28T15:22:30 IST" skipped="0">
  <testcase classname="shipmentFedExWebSite.ShipmentCreation" name="shipmentCreation" time="3698.238"/>
  <system-out/>
</testsuite> <!-- shipmentFedExWebSite.ShipmentCreation -->
