<?xml version="1.0" encoding="UTF-8"?>
<!-- Generated by org.testng.reporters.JUnitReportReporter -->
<testsuite hostname="SIPL92" failures="0" tests="1" name="shipmentFedExWebSite.ShipmentCreation" time="7980.825" errors="0" timestamp="2022-07-04T12:41:41 IST" skipped="0">
  <testcase classname="shipmentFedExWebSite.ShipmentCreation" name="shipmentCreation" time="7980.825"/>
  <system-out/>
</testsuite> <!-- shipmentFedExWebSite.ShipmentCreation -->
