<?xml version="1.0" encoding="UTF-8"?>
<!-- Generated by org.testng.reporters.JUnitReportReporter -->
<testsuite hostname="SIPL92" failures="0" tests="1" name="shipmentFedExWebSite.ShipmentCreation" time="3787.629" errors="0" timestamp="2022-07-18T12:30:19 IST" skipped="0">
  <testcase classname="shipmentFedExWebSite.ShipmentCreation" name="shipmentCreation" time="3787.629"/>
  <system-out/>
</testsuite> <!-- shipmentFedExWebSite.ShipmentCreation -->
