<?xml version="1.0" encoding="UTF-8"?>
<!-- Generated by org.testng.reporters.JUnitReportReporter -->
<testsuite hostname="SIPL92" failures="0" tests="1" name="shipmentFedExWebSite.CrudOperation" time="382.175" errors="0" timestamp="2022-07-08T16:55:24 IST" skipped="0">
  <testcase classname="shipmentFedExWebSite.CrudOperation" name="crudOperations" time="382.175"/>
  <system-out/>
</testsuite> <!-- shipmentFedExWebSite.CrudOperation -->
