<?xml version="1.0" encoding="UTF-8"?>
<!-- Generated by org.testng.reporters.JUnitReportReporter -->
<testsuite hostname="SIPL92" failures="0" tests="1" name="rateScreenFedEx.RateVerification" time="1926.528" errors="0" timestamp="2022-07-18T20:08:08 IST" skipped="0">
  <testcase classname="rateScreenFedEx.RateVerification" name="prService" time="1926.528"/>
  <system-out/>
</testsuite> <!-- rateScreenFedEx.RateVerification -->
