<?xml version="1.0" encoding="UTF-8"?>
<!-- Generated by org.testng.reporters.JUnitReportReporter -->
<testsuite hostname="SIPL92" failures="0" tests="1" name="shipmentFedExWebSite.CheetahOrderProcessing" time="426.821" errors="0" timestamp="2022-07-11T19:02:47 IST" skipped="0">
  <testcase classname="shipmentFedExWebSite.CheetahOrderProcessing" name="cheetahOrderPro" time="426.821"/>
  <system-out/>
</testsuite> <!-- shipmentFedExWebSite.CheetahOrderProcessing -->
