<?xml version="1.0" encoding="UTF-8"?>
<!-- Generated by org.testng.reporters.JUnitReportReporter -->
<testsuite hostname="SIPL92" failures="0" tests="1" name="rateScreenFedEx.RateVerification" time="2049.537" errors="0" timestamp="2022-07-28T14:07:08 IST" skipped="0">
  <testcase classname="rateScreenFedEx.RateVerification" name="prService" time="2049.537"/>
  <system-out/>
</testsuite> <!-- rateScreenFedEx.RateVerification -->
