<?xml version="1.0" encoding="UTF-8"?>
<!-- Generated by org.testng.reporters.JUnitReportReporter -->
<testsuite hostname="SIPL92" failures="0" tests="1" name="shipmentFedExWebSite.ShipmentCreation" time="4417.296" errors="0" timestamp="2022-06-29T15:37:21 IST" skipped="0">
  <testcase classname="shipmentFedExWebSite.ShipmentCreation" name="shipmentCreation" time="4417.296"/>
  <system-out/>
</testsuite> <!-- shipmentFedExWebSite.ShipmentCreation -->
