<?xml version="1.0" encoding="UTF-8"?>
<!-- Generated by org.testng.reporters.JUnitReportReporter -->
<testsuite hostname="SIPL92" failures="0" tests="1" name="com.fdxMasterScreens.BaseClass" time="193.271" errors="0" timestamp="2022-07-08T16:48:27 IST" skipped="0">
  <testcase classname="com.fdxMasterScreens.BaseClass" name="baseMethods" time="193.271"/>
  <system-out/>
</testsuite> <!-- com.fdxMasterScreens.BaseClass -->
